  Swiat.cpp
C:\Users\jasie\Desktop\kurwaaaaaaa\PO1\Swiat.cpp(13,12): warning C4244: "argument": konwersja z "time_t" do "unsigned int", możliwa utrata danych
C:\Users\jasie\Desktop\kurwaaaaaaa\PO1\Swiat.cpp(14,20): warning C4018: "<": niezgodność typu ze znakiem/bez znaku
C:\Users\jasie\Desktop\kurwaaaaaaa\PO1\Swiat.cpp(34,20): warning C4018: "<": niezgodność typu ze znakiem/bez znaku
C:\Users\jasie\Desktop\kurwaaaaaaa\PO1\Swiat.cpp(37,20): warning C4018: "<": niezgodność typu ze znakiem/bez znaku
C:\Users\jasie\Desktop\kurwaaaaaaa\PO1\Swiat.cpp(38,21): warning C4018: "<": niezgodność typu ze znakiem/bez znaku
C:\Users\jasie\Desktop\kurwaaaaaaa\PO1\Swiat.cpp(40,20): warning C4018: "<": niezgodność typu ze znakiem/bez znaku
C:\Users\jasie\Desktop\kurwaaaaaaa\PO1\Swiat.cpp(53,20): warning C4018: "<": niezgodność typu ze znakiem/bez znaku
C:\Users\jasie\Desktop\kurwaaaaaaa\PO1\Swiat.cpp(56,20): warning C4018: "<": niezgodność typu ze znakiem/bez znaku
C:\Users\jasie\Desktop\kurwaaaaaaa\PO1\Swiat.cpp(57,21): warning C4018: "<": niezgodność typu ze znakiem/bez znaku
C:\Users\jasie\Desktop\kurwaaaaaaa\PO1\Swiat.cpp(62,20): warning C4018: "<": niezgodność typu ze znakiem/bez znaku
C:\Users\jasie\Desktop\kurwaaaaaaa\PO1\Swiat.cpp(66,20): warning C4018: "<": niezgodność typu ze znakiem/bez znaku
C:\Users\jasie\Desktop\kurwaaaaaaa\PO1\Swiat.cpp(74,20): warning C4018: "<": niezgodność typu ze znakiem/bez znaku
C:\Users\jasie\Desktop\kurwaaaaaaa\PO1\Swiat.cpp(92,20): warning C4018: "<": niezgodność typu ze znakiem/bez znaku
C:\Users\jasie\Desktop\kurwaaaaaaa\PO1\Swiat.cpp(102,13): warning C4018: "<": niezgodność typu ze znakiem/bez znaku
C:\Users\jasie\Desktop\kurwaaaaaaa\PO1\Swiat.cpp(106,13): warning C4018: "<": niezgodność typu ze znakiem/bez znaku
C:\Users\jasie\Desktop\kurwaaaaaaa\PO1\Swiat.cpp(112,20): warning C4018: "<": niezgodność typu ze znakiem/bez znaku
C:\Users\jasie\Desktop\kurwaaaaaaa\PO1\Swiat.cpp(133,20): warning C4018: "<": niezgodność typu ze znakiem/bez znaku
  main.cpp
C:\Users\jasie\Desktop\kurwaaaaaaa\PO1\main.cpp(13,12): warning C4244: "argument": konwersja z "time_t" do "unsigned int", możliwa utrata danych
  Generowanie kodu...
C:\Users\jasie\Desktop\kurwaaaaaaa\PO1\main.cpp(58): warning C4715: "WczytajSwiat”: niewszystkie ścieżki kodu zwracają wartość
  PO1.vcxproj -> C:\Users\jasie\Desktop\kurwaaaaaaa\PO1\Debug\PO1.exe
